app/build/intermediates/manifest_merge_blame_file/debug/manifest-merger-blame-debug-report.txt
1<?xml version="1.0" encoding="utf-8"?>
2<manifest xmlns:android="http://schemas.android.com/apk/res/android"
3    package="com.imorning.im"
4    android:versionCode="1"
5    android:versionName="1.0" >
6
7    <uses-sdk
8        android:minSdkVersion="21"
8-->src\main\AndroidManifest.xml
9        android:targetSdkVersion="30" />
9-->src\main\AndroidManifest.xml
10
11    <uses-permission android:name="android.permission.INTERNET" />
11-->src\main\AndroidManifest.xml:6:5-67
11-->src\main\AndroidManifest.xml:6:22-64
12    <uses-permission android:name="android.permission.RECORD_AUDIO" />
12-->src\main\AndroidManifest.xml:7:5-71
12-->src\main\AndroidManifest.xml:7:22-68
13    <uses-permission android:name="android.permission.CAMERA" />
13-->src\main\AndroidManifest.xml:8:5-65
13-->src\main\AndroidManifest.xml:8:22-62
14    <uses-permission android:name="android.permission.ACCESS_COARSE_LOCATION" />
14-->src\main\AndroidManifest.xml:9:5-81
14-->src\main\AndroidManifest.xml:9:22-78
15    <uses-permission android:name="android.permission.ACCESS_FINE_LOCATION" />
15-->src\main\AndroidManifest.xml:10:5-79
15-->src\main\AndroidManifest.xml:10:22-76
16    <uses-permission android:name="android.permission.ACCESS_WIFI_STATE" />
16-->src\main\AndroidManifest.xml:11:5-76
16-->src\main\AndroidManifest.xml:11:22-73
17    <uses-permission android:name="android.permission.CHANGE_WIFI_STATE" />
17-->src\main\AndroidManifest.xml:12:5-76
17-->src\main\AndroidManifest.xml:12:22-73
18    <uses-permission android:name="android.permission.READ_PHONE_STATE" />
18-->src\main\AndroidManifest.xml:13:5-75
18-->src\main\AndroidManifest.xml:13:22-72
19    <uses-permission android:name="android.permission.VIBRATE" />
19-->src\main\AndroidManifest.xml:14:5-66
19-->src\main\AndroidManifest.xml:14:22-63
20    <uses-permission android:name="android.permission.WAKE_LOCK" />
20-->src\main\AndroidManifest.xml:15:5-68
20-->src\main\AndroidManifest.xml:15:22-65
21    <uses-permission android:name="android.permission.MOUNT_UNMOUNT_FILESYSTEMS" />
21-->src\main\AndroidManifest.xml:16:5-18:47
21-->src\main\AndroidManifest.xml:17:9-68
22    <uses-permission android:name="android.permission.WRITE_EXTERNAL_STORAGE" />
22-->src\main\AndroidManifest.xml:19:5-21:40
22-->src\main\AndroidManifest.xml:20:9-65
23    <uses-permission android:name="android.permission.READ_LOGS" />
23-->src\main\AndroidManifest.xml:22:5-24:47
23-->src\main\AndroidManifest.xml:23:9-52
24    <uses-permission android:name="android.permission.WRITE_SETTINGS" />
24-->src\main\AndroidManifest.xml:25:5-27:47
24-->src\main\AndroidManifest.xml:26:9-57
25
26    <supports-screens
26-->src\main\AndroidManifest.xml:29:5-34:39
27        android:anyDensity="true"
27-->src\main\AndroidManifest.xml:30:9-34
28        android:largeScreens="true"
28-->src\main\AndroidManifest.xml:31:9-36
29        android:normalScreens="true"
29-->src\main\AndroidManifest.xml:32:9-37
30        android:resizeable="true"
30-->src\main\AndroidManifest.xml:33:9-34
31        android:smallScreens="true" />
31-->src\main\AndroidManifest.xml:34:9-36
32
33    <application
33-->src\main\AndroidManifest.xml:36:5-90:19
34        android:allowBackup="false"
34-->src\main\AndroidManifest.xml:37:9-36
35        android:appComponentFactory="androidx.core.app.CoreComponentFactory"
35-->[androidx.core:core:1.3.1] AndroidManifest.xml:24:18-86
36        android:debuggable="true"
37        android:icon="@mipmap/ic_launcher"
37-->src\main\AndroidManifest.xml:38:9-43
38        android:label="@string/app_name"
38-->src\main\AndroidManifest.xml:39:9-41
39        android:roundIcon="@mipmap/ic_launcher_round"
39-->src\main\AndroidManifest.xml:40:9-54
40        android:supportsRtl="true"
40-->src\main\AndroidManifest.xml:41:9-35
41        android:testOnly="true"
42        android:theme="@style/Theme.IM"
42-->src\main\AndroidManifest.xml:42:9-40
43        android:usesCleartextTraffic="true" >
43-->src\main\AndroidManifest.xml:43:9-44
44        <activity
44-->src\main\AndroidManifest.xml:47:9-56:20
45            android:name="com.imorning.im.activity.WelcomeActivity"
45-->src\main\AndroidManifest.xml:48:13-53
46            android:label="@string/app_name"
46-->src\main\AndroidManifest.xml:49:13-45
47            android:theme="@android:style/Theme.Light.NoTitleBar" >
47-->src\main\AndroidManifest.xml:50:13-66
48            <intent-filter>
48-->src\main\AndroidManifest.xml:51:13-55:29
49                <action android:name="android.intent.action.MAIN" />
49-->src\main\AndroidManifest.xml:52:17-69
49-->src\main\AndroidManifest.xml:52:25-66
50
51                <category android:name="android.intent.category.LAUNCHER" />
51-->src\main\AndroidManifest.xml:54:17-77
51-->src\main\AndroidManifest.xml:54:27-74
52            </intent-filter>
53        </activity>
54        <activity
54-->src\main\AndroidManifest.xml:57:9-61:20
55            android:name="com.imorning.im.activity.register.RegisterActivity"
55-->src\main\AndroidManifest.xml:58:13-63
56            android:screenOrientation="portrait"
56-->src\main\AndroidManifest.xml:59:13-49
57            android:theme="@android:style/Theme.Light.NoTitleBar" >
57-->src\main\AndroidManifest.xml:60:13-66
58        </activity>
59        <activity
59-->src\main\AndroidManifest.xml:62:9-65:20
60            android:name="com.imorning.im.activity.SearchFriendActivity"
60-->src\main\AndroidManifest.xml:63:13-58
61            android:theme="@android:style/Theme.Light.NoTitleBar" >
61-->src\main\AndroidManifest.xml:64:13-66
62        </activity>
63        <activity
63-->src\main\AndroidManifest.xml:66:9-70:20
64            android:name="com.imorning.im.activity.LoginActivity"
64-->src\main\AndroidManifest.xml:67:13-51
65            android:launchMode="singleTask"
65-->src\main\AndroidManifest.xml:68:13-44
66            android:theme="@android:style/Theme.Light.NoTitleBar" >
66-->src\main\AndroidManifest.xml:69:13-66
67        </activity>
68        <activity
68-->src\main\AndroidManifest.xml:71:9-74:20
69            android:name="com.imorning.im.activity.FriendSearchResultActivity"
69-->src\main\AndroidManifest.xml:72:13-64
70            android:launchMode="singleTask" >
70-->src\main\AndroidManifest.xml:73:13-44
71        </activity>
72        <activity
72-->src\main\AndroidManifest.xml:75:9-78:20
73            android:name="com.imorning.im.activity.ChatActivity"
73-->src\main\AndroidManifest.xml:76:13-50
74            android:launchMode="singleTask" >
74-->src\main\AndroidManifest.xml:77:13-44
75        </activity>
76        <activity
76-->src\main\AndroidManifest.xml:79:9-83:20
77            android:name="com.imorning.im.activity.imagefactory.ImageFactoryActivity"
77-->src\main\AndroidManifest.xml:80:13-71
78            android:screenOrientation="portrait"
78-->src\main\AndroidManifest.xml:81:13-49
79            android:theme="@android:style/Theme.Light.NoTitleBar" >
79-->src\main\AndroidManifest.xml:82:13-66
80        </activity>
81        <activity
81-->src\main\AndroidManifest.xml:84:9-88:20
82            android:name="com.imorning.im.activity.MainActivity"
82-->src\main\AndroidManifest.xml:85:13-50
83            android:theme="@android:style/Theme.Light.NoTitleBar"
83-->src\main\AndroidManifest.xml:86:13-66
84            android:windowSoftInputMode="adjustPan" >
84-->src\main\AndroidManifest.xml:87:13-52
85        </activity>
86    </application>
87
88</manifest>